<?xml version="1.0" encoding="UTF-8"?>
<!-- Generated by org.testng.reporters.JUnitReportReporter -->
<testsuite skipped="0" hostname="EN911232" name="endava.UI_Tests" tests="4" failures="0" timestamp="2021-03-15T05:03:09 COT" time="56.284" errors="0">
  <testcase name="browseCategory" time="11.735" classname="endava.UI_Tests"/>
  <system-out/>
  <testcase name="searchItem" time="15.368" classname="endava.UI_Tests"/>
  <system-out/>
  <testcase name="highToLow" time="13.371" classname="endava.UI_Tests"/>
  <system-out/>
  <testcase name="filterPrice" time="15.810" classname="endava.UI_Tests"/>
  <system-out/>
</testsuite> <!-- endava.UI_Tests -->
